<?xml version="1.0" encoding="UTF-8"?>
<!-- Generated by org.testng.reporters.JUnitXMLReporter -->
<testsuite ignored="0" hostname="CaptainCool07" failures="0" tests="14" name="PetTests" time="22.637" errors="0" timestamp="2024-12-12T12:14:29 IST">
  <testcase classname="api.test.UserTests" name="testPostUser" time="2.695"/>
  <testcase classname="api.test.UserTests" name="testGetUserByName" time="1.045"/>
  <testcase classname="api.test.UserTests" name="testUpdateUserByName" time="2.037"/>
  <testcase classname="api.test.UserTests" name="testDeleteUserByName" time="0.978"/>
  <testcase classname="api.test.UserTests2" name="testPostUser" time="1.903"/>
  <testcase classname="api.test.UserTests2" name="testGetUserByName" time="1.011"/>
  <testcase classname="api.test.UserTests2" name="testUpdateUserByName" time="3.051"/>
  <testcase classname="api.test.UserTests2" name="testDeleteUserByName" time="1.077"/>
  <testcase classname="api.test.DDTests" name="testPostuser" time="0.988"/>
  <testcase classname="api.test.DDTests" name="testPostuser" time="1.091"/>
  <testcase classname="api.test.DDTests" name="testPostuser" time="1.014"/>
  <testcase classname="api.test.DDTests" name="testDeleteUserByName" time="1.006"/>
  <testcase classname="api.test.DDTests" name="testDeleteUserByName" time="1.02"/>
  <testcase classname="api.test.DDTests" name="testDeleteUserByName" time="1.023"/>
</testsuite> <!-- PetTests -->
